{
    "timestamp": "2025-07-30 16:51:45",
    "method": "POST",
    "user_agent": "LineBotWebhook\/2.0",
    "ip": "::1",
    "content_type": "application\/json; charset=utf-8",
    "data": "{\"destination\":\"U8f486e2395960f03f82696623002b1c7\",\"events\":[]}",
    "headers": {
        "Host": "localhost",
        "User-Agent": "LineBotWebhook\/2.0",
        "Content-Length": "63",
        "Content-Type": "application\/json; charset=utf-8",
        "X-Forwarded-For": "147.92.149.167",
        "X-Forwarded-Host": "60b2df3a89e3.ngrok-free.app",
        "X-Forwarded-Proto": "https",
        "X-Line-Signature": "UGT6Hc56aJcqgN\/bI7X5evsMqxCpnTDzj6ssbB3t0dQ=",
        "Accept-Encoding": "gzip"
    }
}
---
{
    "timestamp": "2025-07-30 16:55:44",
    "method": "POST",
    "user_agent": "LineBotWebhook\/2.0",
    "ip": "::1",
    "content_type": "application\/json; charset=utf-8",
    "data": "{\"destination\":\"U8f486e2395960f03f82696623002b1c7\",\"events\":[{\"type\":\"message\",\"message\":{\"type\":\"text\",\"id\":\"572197091175301500\",\"quoteToken\":\"yVZgLa3AHzhefBYMmTBb4VIlGJ_vg0YdHPO0EamctmEVu6HZgMp5GVbz8n7YQbikebSpeZTbIaMEEhE1VVX5MBxn7zXLbultcrtqDbIVwhvEvCduwa7pHJO88FPbk8slQOi0jFYmQS1uUd9FXmusvQ\",\"text\":\"\u0e22\u0e20\u0e22\u0e1e\u0e22\u0e30\"},\"webhookEventId\":\"01K1DXA5G2NV9EYMK4SH7Y7P8Q\",\"deliveryContext\":{\"isRedelivery\":false},\"timestamp\":1753887347721,\"source\":{\"type\":\"user\",\"userId\":\"Ue5400ed980db9dd4954282695dcbe8c5\"},\"replyToken\":\"ae0c4da5aba84a128a35d29517412c22\",\"mode\":\"active\"}]}",
    "headers": {
        "Host": "localhost",
        "User-Agent": "LineBotWebhook\/2.0",
        "Content-Length": "574",
        "Content-Type": "application\/json; charset=utf-8",
        "X-Forwarded-For": "147.92.149.170",
        "X-Forwarded-Host": "60b2df3a89e3.ngrok-free.app",
        "X-Forwarded-Proto": "https",
        "X-Line-Signature": "PON6K0uH4oemyHsQ\/cav4wHK6sjDp1r8FIH1rhnVHsE=",
        "Accept-Encoding": "gzip"
    }
}
---
{
    "timestamp": "2025-07-30 16:55:53",
    "method": "POST",
    "user_agent": "LineBotWebhook\/2.0",
    "ip": "::1",
    "content_type": "application\/json; charset=utf-8",
    "data": "{\"destination\":\"U8f486e2395960f03f82696623002b1c7\",\"events\":[{\"type\":\"message\",\"message\":{\"type\":\"text\",\"id\":\"572197105805033612\",\"quoteToken\":\"hTqGMMLAXRZSZeCuGMymFQt5nPBrMNE-V5nd6nl-DY3dDhuqUmA6GAW1wmCP4jaiYDrd5fZOYyKKRqBv939zofHJKB4KPugZCmGrkTMghMnXne-kEIzLK3bI55WsLiXixSHmwXfFvjBuMCW-HS7lhg\",\"text\":\"\u0e48\u0e48\u0e48\u0e30\u0e48\u0e30\u0e48\u0e31\"},\"webhookEventId\":\"01K1DXAE03ES4NR0XX0TMN1WJQ\",\"deliveryContext\":{\"isRedelivery\":false},\"timestamp\":1753887356424,\"source\":{\"type\":\"user\",\"userId\":\"Ue5400ed980db9dd4954282695dcbe8c5\"},\"replyToken\":\"bf763d5a19254c5e9d2ef4b034ed11ab\",\"mode\":\"active\"}]}",
    "headers": {
        "Host": "localhost",
        "User-Agent": "LineBotWebhook\/2.0",
        "Content-Length": "580",
        "Content-Type": "application\/json; charset=utf-8",
        "X-Forwarded-For": "147.92.149.170",
        "X-Forwarded-Host": "60b2df3a89e3.ngrok-free.app",
        "X-Forwarded-Proto": "https",
        "X-Line-Signature": "lm82x7Wr0pgVKk\/79E\/7pr39S8kLSM2RsCtn6CXtPzM=",
        "Accept-Encoding": "gzip"
    }
}
---
{
    "timestamp": "2025-07-30 16:56:18",
    "method": "POST",
    "user_agent": "LineBotWebhook\/2.0",
    "ip": "::1",
    "content_type": "application\/json; charset=utf-8",
    "data": "{\"destination\":\"U8f486e2395960f03f82696623002b1c7\",\"events\":[{\"type\":\"message\",\"message\":{\"type\":\"text\",\"id\":\"572197147311604007\",\"quoteToken\":\"hxLScvNSs7sgRDPm12a040KUDqHU6Gnaa5LxJM5BIKdC_BPWSzNJt1fXJAiM6qFhUl2ucaZcawpcs5-zwBkv9vgZVFZ0X-9_vuxBFCRidldqh8aT4YZeSHA7hmdyLxr1Mv60-zSWunGZy-_of0ObZw\",\"text\":\"usuhehdid\"},\"webhookEventId\":\"01K1DXB5SSM1VSYBA4G66D41GD\",\"deliveryContext\":{\"isRedelivery\":false},\"timestamp\":1753887381115,\"source\":{\"type\":\"user\",\"userId\":\"Ue5400ed980db9dd4954282695dcbe8c5\"},\"replyToken\":\"4dbc5f5620da45ea93cd8e2fac02fddd\",\"mode\":\"active\"}]}",
    "headers": {
        "Host": "localhost",
        "User-Agent": "LineBotWebhook\/2.0",
        "Content-Length": "565",
        "Content-Type": "application\/json; charset=utf-8",
        "X-Forwarded-For": "147.92.149.170",
        "X-Forwarded-Host": "60b2df3a89e3.ngrok-free.app",
        "X-Forwarded-Proto": "https",
        "X-Line-Signature": "3E+yCkd813XB0gt1kgHT2KdtXtqdyPUqx6aQfJFrCvk=",
        "Accept-Encoding": "gzip"
    }
}
---
{
    "timestamp": "2025-07-30 16:58:47",
    "method": "POST",
    "user_agent": "LineBotWebhook\/2.0",
    "ip": "::1",
    "content_type": "application\/json; charset=utf-8",
    "data": "{\"destination\":\"U8f486e2395960f03f82696623002b1c7\",\"events\":[{\"type\":\"message\",\"message\":{\"type\":\"text\",\"id\":\"572197396839923884\",\"quoteToken\":\"IFeUV81E-edzXnRDd_4KHdQq1ap_P7kVTrEDPXQJwTKsYySAhVxsmI-F09dzz7_syVXtdRzE49-phNGM7qs08vnzh48daglyDf2qkR3cQEO2-txjH4x4RS2aUQHzdIVNtc9vEigV3BxkkVUC06v40Q\",\"text\":\"\u0e2a\u0e27\u0e31\u0e2a\u0e14\u0e35\u0e04\u0e23\u0e31\u0e1a\"},\"webhookEventId\":\"01K1DXFQ92KDFA8H0FSY5ZZB8X\",\"deliveryContext\":{\"isRedelivery\":false},\"timestamp\":1753887529836,\"source\":{\"type\":\"user\",\"userId\":\"Ue5400ed980db9dd4954282695dcbe8c5\"},\"replyToken\":\"860c4479d8ed49f5966009d72b462b10\",\"mode\":\"active\"}]}",
    "headers": {
        "Host": "localhost",
        "User-Agent": "LineBotWebhook\/2.0",
        "Content-Length": "586",
        "Content-Type": "application\/json; charset=utf-8",
        "X-Forwarded-For": "147.92.149.170",
        "X-Forwarded-Host": "60b2df3a89e3.ngrok-free.app",
        "X-Forwarded-Proto": "https",
        "X-Line-Signature": "KAkibBIWGF38HLvAjfr7n1ZZxV3UgycgRRoxJA9uvFc=",
        "Accept-Encoding": "gzip"
    }
}
---
{
    "timestamp": "2025-07-30 17:20:32",
    "method": "POST",
    "user_agent": "LineBotWebhook\/2.0",
    "ip": "::1",
    "content_type": "application\/json; charset=utf-8",
    "data": "{\"destination\":\"U8f486e2395960f03f82696623002b1c7\",\"events\":[{\"type\":\"message\",\"message\":{\"type\":\"text\",\"id\":\"572199587541418582\",\"quoteToken\":\"Fd1XXSnBY_IjR0rlpygRlyciEXJxVgYOj3Zcuqun6QIesybp-7HGUtCcpade5fSVyNcq71P5yVhZzwGLOCzSA1aNnfKviqqdZbZ8n-B1R0Mn7tm1yF-4hKu1RCGxpmm6ejaWOAgR8125EIC_oc9t7w\",\"text\":\"\u0e08\u0e38\u0e4a\u0e01\u0e01\u0e23\u0e39\u0e4a!!!!!!\"},\"webhookEventId\":\"01K1DYQJFCN1DZ6DK0BFRADCKZ\",\"deliveryContext\":{\"isRedelivery\":false},\"timestamp\":1753888835643,\"source\":{\"type\":\"user\",\"userId\":\"Uc1782d782435f0ce556ed12c1b159e96\"},\"replyToken\":\"d0991e5995544170baab4ac374178aac\",\"mode\":\"active\"}]}",
    "headers": {
        "Host": "localhost",
        "User-Agent": "LineBotWebhook\/2.0",
        "Content-Length": "586",
        "Content-Type": "application\/json; charset=utf-8",
        "X-Forwarded-For": "147.92.149.168",
        "X-Forwarded-Host": "60b2df3a89e3.ngrok-free.app",
        "X-Forwarded-Proto": "https",
        "X-Line-Signature": "96nEakXgw\/s0OcoSLUNdGA\/kLRak9oX2mFE6qH8dzTQ=",
        "Accept-Encoding": "gzip"
    }
}
---
{
    "timestamp": "2025-07-30 17:22:15",
    "method": "POST",
    "user_agent": "LineBotWebhook\/2.0",
    "ip": "::1",
    "content_type": "application\/json; charset=utf-8",
    "data": "{\"destination\":\"U8f486e2395960f03f82696623002b1c7\",\"events\":[{\"type\":\"message\",\"message\":{\"type\":\"text\",\"id\":\"572199759407218912\",\"quoteToken\":\"szXzYhP8fw01GPpRl3Mt6YdxQ_HSoy4KINuGmRsaMx7KMoaIIpOu2kV4zIHgbS3pg04NFbPcC3cnIAD-aYGxFYRTsuBz75zA3pwjYw50DrM3uVkjBE2cxnYJyFHtAyHj8TYweQ0fJvX2WSbPGZqnAQ\",\"text\":\"Gg\"},\"webhookEventId\":\"01K1DYTP8QQK3SKVB69DAGK265\",\"deliveryContext\":{\"isRedelivery\":false},\"timestamp\":1753888938067,\"source\":{\"type\":\"user\",\"userId\":\"Uc1782d782435f0ce556ed12c1b159e96\"},\"replyToken\":\"3e37664a77904a9e8aa0276fe79513d6\",\"mode\":\"active\"}]}",
    "headers": {
        "Host": "localhost",
        "User-Agent": "LineBotWebhook\/2.0",
        "Content-Length": "558",
        "Content-Type": "application\/json; charset=utf-8",
        "X-Forwarded-For": "147.92.149.168",
        "X-Forwarded-Host": "60b2df3a89e3.ngrok-free.app",
        "X-Forwarded-Proto": "https",
        "X-Line-Signature": "0\/INeeXmoHyOPBGhdWRYjB2VnBRSC+oC6Sh97OZxga4=",
        "Accept-Encoding": "gzip"
    }
}
---
{
    "timestamp": "2025-07-30 17:26:55",
    "method": "POST",
    "user_agent": "LineBotWebhook\/2.0",
    "ip": "::1",
    "content_type": "application\/json; charset=utf-8",
    "data": "{\"destination\":\"U8f486e2395960f03f82696623002b1c7\",\"events\":[{\"type\":\"message\",\"message\":{\"type\":\"text\",\"id\":\"572200229286183100\",\"quoteToken\":\"fB4WlhF05KPpBh4TftVsy0ImES82ZKmI13vgXvXCDbpY1tsSOdYQw295RrTU0ihQCqOaiyyTN0GmtxPduL5IJjG20m2-8LJRY0Mj9gGWyXEMEuQgTSOW0buPLqxSy78pdpq1I8oiL8rGXd8K3q3FmA\",\"text\":\"\u0e22\u0e22\u0e33\u0e19\u0e14\u0e2a\u0e14\"},\"webhookEventId\":\"01K1DZ380VK573EZYRJ8MCDGZK\",\"deliveryContext\":{\"isRedelivery\":false},\"timestamp\":1753889218082,\"source\":{\"type\":\"user\",\"userId\":\"Ue5400ed980db9dd4954282695dcbe8c5\"},\"replyToken\":\"8758b708c0d4475aa34493be4a40c3e7\",\"mode\":\"active\"}]}",
    "headers": {
        "Host": "localhost",
        "User-Agent": "LineBotWebhook\/2.0",
        "Content-Length": "577",
        "Content-Type": "application\/json; charset=utf-8",
        "X-Forwarded-For": "147.92.149.170",
        "X-Forwarded-Host": "60b2df3a89e3.ngrok-free.app",
        "X-Forwarded-Proto": "https",
        "X-Line-Signature": "FuS\/yGOhuxTAltl58jCxCMOTVhF02pvpDZEXapM+qio=",
        "Accept-Encoding": "gzip"
    }
}
---
{
    "timestamp": "2025-07-30 17:27:19",
    "method": "POST",
    "user_agent": "LineBotWebhook\/2.0",
    "ip": "::1",
    "content_type": "application\/json; charset=utf-8",
    "data": "{\"destination\":\"U8f486e2395960f03f82696623002b1c7\",\"events\":[{\"type\":\"message\",\"message\":{\"type\":\"text\",\"id\":\"572200268813566195\",\"quoteToken\":\"9lOEjsM4Vgurfij-jS7yXPEUFl62IZ-bLQfNQ95aMZxkdVbWJcH_RfoOdG9VvRbgCaXcx8Al1w--hDvRv-sJLT8PXxmfiqRdKXTegDScCSEQ2UEhhsmQcEwMTJDiZPk1SwV2cz8s0nx1ijM_it8WZw\",\"text\":\"\u0e36\u0e36\u0e23\u0e23\u0e23\"},\"webhookEventId\":\"01K1DZ3Z6ZM0S1ZPA3ZBT2ZYAF\",\"deliveryContext\":{\"isRedelivery\":false},\"timestamp\":1753889241824,\"source\":{\"type\":\"user\",\"userId\":\"Ue5400ed980db9dd4954282695dcbe8c5\"},\"replyToken\":\"0d540e7250ca4a7bbd99d3dcdf9950f3\",\"mode\":\"active\"}]}",
    "headers": {
        "Host": "localhost",
        "User-Agent": "LineBotWebhook\/2.0",
        "Content-Length": "571",
        "Content-Type": "application\/json; charset=utf-8",
        "X-Forwarded-For": "147.92.149.170",
        "X-Forwarded-Host": "60b2df3a89e3.ngrok-free.app",
        "X-Forwarded-Proto": "https",
        "X-Line-Signature": "luJiOEa\/b1QWYPqZD8dODRK+q\/d7tQfZ2ABN+yyfGPs=",
        "Accept-Encoding": "gzip"
    }
}
---
{
    "timestamp": "2025-07-30 19:50:37",
    "method": "POST",
    "user_agent": "LineBotWebhook\/2.0",
    "ip": "::1",
    "content_type": "application\/json; charset=utf-8",
    "data": "{\"destination\":\"U8f486e2395960f03f82696623002b1c7\",\"events\":[]}",
    "headers": {
        "Host": "phases-happiness-futures-filters.trycloudflare.com",
        "User-Agent": "LineBotWebhook\/2.0",
        "Content-Length": "63",
        "Accept-Encoding": "gzip",
        "Cdn-Loop": "cloudflare; loops=1; subreqs=1",
        "Cf-Connecting-Ip": "147.92.149.168",
        "Cf-Ew-Via": "15",
        "Cf-Ipcountry": "JP",
        "Cf-Ray": "9676b31d308ed49e-SIN",
        "Cf-Visitor": "{\"scheme\":\"https\"}",
        "Cf-Warp-Tag-Id": "b1d0962e-d797-4f13-80d9-07ae722abd5c",
        "Cf-Worker": "trycloudflare.com",
        "Connection": "keep-alive",
        "Content-Type": "application\/json; charset=utf-8",
        "X-Forwarded-For": "147.92.149.168",
        "X-Forwarded-Proto": "https",
        "X-Line-Signature": "UGT6Hc56aJcqgN\/bI7X5evsMqxCpnTDzj6ssbB3t0dQ="
    }
}
---
{
    "timestamp": "2025-07-30 19:50:43",
    "method": "POST",
    "user_agent": "LineBotWebhook\/2.0",
    "ip": "::1",
    "content_type": "application\/json; charset=utf-8",
    "data": "{\"destination\":\"U8f486e2395960f03f82696623002b1c7\",\"events\":[]}",
    "headers": {
        "Host": "phases-happiness-futures-filters.trycloudflare.com",
        "User-Agent": "LineBotWebhook\/2.0",
        "Content-Length": "63",
        "Accept-Encoding": "gzip",
        "Cdn-Loop": "cloudflare; loops=1; subreqs=1",
        "Cf-Connecting-Ip": "147.92.149.170",
        "Cf-Ew-Via": "15",
        "Cf-Ipcountry": "JP",
        "Cf-Ray": "9676b342e317b005-SIN",
        "Cf-Visitor": "{\"scheme\":\"https\"}",
        "Cf-Warp-Tag-Id": "b1d0962e-d797-4f13-80d9-07ae722abd5c",
        "Cf-Worker": "trycloudflare.com",
        "Connection": "keep-alive",
        "Content-Type": "application\/json; charset=utf-8",
        "X-Forwarded-For": "147.92.149.170",
        "X-Forwarded-Proto": "https",
        "X-Line-Signature": "UGT6Hc56aJcqgN\/bI7X5evsMqxCpnTDzj6ssbB3t0dQ="
    }
}
---
{
    "timestamp": "2025-07-30 19:57:59",
    "method": "POST",
    "user_agent": "LineBotWebhook\/2.0",
    "ip": "::1",
    "content_type": "application\/json; charset=utf-8",
    "data": "{\"destination\":\"U8f486e2395960f03f82696623002b1c7\",\"events\":[{\"type\":\"message\",\"message\":{\"type\":\"text\",\"id\":\"572215434477305977\",\"quoteToken\":\"TP1HdS4eaWZwqnW7pHLYAMbzcl1ytSAhzL3G5BfvhHEF-EQY_zTQ5KAn0DliWH2iXRyQe7-8Aw_SQ5sv_-ndbb36ErFuCZ3OBIB_d-tUc06O3R9Yg39KivJHYL8K94bqB5g7jfAdzKdIaM521kCetQ\",\"text\":\"\u0e19\u0e2a\u0e01\u0e19\u0e01\u0e32\u0e14\u0e32\u0e40\"},\"webhookEventId\":\"01K1E7QTCRX7K331RZZSVY92BG\",\"deliveryContext\":{\"isRedelivery\":false},\"timestamp\":1753898281233,\"source\":{\"type\":\"user\",\"userId\":\"Ue5400ed980db9dd4954282695dcbe8c5\"},\"replyToken\":\"0de61c4a79b3468e8e541cb306569c0e\",\"mode\":\"active\"}]}",
    "headers": {
        "Host": "phases-happiness-futures-filters.trycloudflare.com",
        "User-Agent": "LineBotWebhook\/2.0",
        "Content-Length": "583",
        "Accept-Encoding": "gzip",
        "Cdn-Loop": "cloudflare; loops=1; subreqs=1",
        "Cf-Connecting-Ip": "147.92.149.170",
        "Cf-Ew-Via": "15",
        "Cf-Ipcountry": "JP",
        "Cf-Ray": "9676bde894e225fc-SIN",
        "Cf-Visitor": "{\"scheme\":\"https\"}",
        "Cf-Warp-Tag-Id": "b1d0962e-d797-4f13-80d9-07ae722abd5c",
        "Cf-Worker": "trycloudflare.com",
        "Connection": "keep-alive",
        "Content-Type": "application\/json; charset=utf-8",
        "X-Forwarded-For": "147.92.149.170",
        "X-Forwarded-Proto": "https",
        "X-Line-Signature": "+0hjbkaQcPL4BHaIFH5mi5krNtdv4n2CuZa6iWXvcVY="
    }
}
---
{
    "timestamp": "2025-07-30 21:50:02",
    "method": "POST",
    "user_agent": "LineBotWebhook\/2.0",
    "ip": "::1",
    "content_type": "application\/json; charset=utf-8",
    "data": "{\"destination\":\"U8f486e2395960f03f82696623002b1c7\",\"events\":[]}",
    "headers": {
        "Host": "connected-seller-wives-amanda.trycloudflare.com",
        "User-Agent": "LineBotWebhook\/2.0",
        "Content-Length": "63",
        "Accept-Encoding": "gzip",
        "Cdn-Loop": "cloudflare; loops=1; subreqs=1",
        "Cf-Connecting-Ip": "147.92.149.169",
        "Cf-Ew-Via": "15",
        "Cf-Ipcountry": "JP",
        "Cf-Ray": "9677620980edd49e-SIN",
        "Cf-Visitor": "{\"scheme\":\"https\"}",
        "Cf-Warp-Tag-Id": "73909fdb-b413-42dd-a803-91a07e0eb0a5",
        "Cf-Worker": "trycloudflare.com",
        "Connection": "keep-alive",
        "Content-Type": "application\/json; charset=utf-8",
        "X-Forwarded-For": "147.92.149.169",
        "X-Forwarded-Proto": "https",
        "X-Line-Signature": "UGT6Hc56aJcqgN\/bI7X5evsMqxCpnTDzj6ssbB3t0dQ="
    }
}
---
{
    "timestamp": "2025-07-30 21:50:29",
    "method": "POST",
    "user_agent": "LineBotWebhook\/2.0",
    "ip": "::1",
    "content_type": "application\/json; charset=utf-8",
    "data": "{\"destination\":\"U8f486e2395960f03f82696623002b1c7\",\"events\":[{\"type\":\"message\",\"message\":{\"type\":\"text\",\"id\":\"572226760021115086\",\"quoteToken\":\"2uDp54k_KtE4p7Imtvo0w4dw35a4jlee1HUb2ha4OyrNUNlT7EaouHMyDpRFk4fS4dIPrvHzVqnKeB2zHn9qQpvCKECsVXHpWzIXHide3nw9hXeR7gooU89eyv9Nc2hR7u9pofIyv0s8jqMJgQgTqA\",\"text\":\"\u0e19\u0e33\u0e19\u0e35\u0e14\u0e40\u0e48\"},\"webhookEventId\":\"01K1EE5TYMPD9XBRCS256DRJ7F\",\"deliveryContext\":{\"isRedelivery\":false},\"timestamp\":1753905031641,\"source\":{\"type\":\"user\",\"userId\":\"Ue5400ed980db9dd4954282695dcbe8c5\"},\"replyToken\":\"9bf1cfcae86e412ba5fac516d6f4bebf\",\"mode\":\"active\"}]}",
    "headers": {
        "Host": "connected-seller-wives-amanda.trycloudflare.com",
        "User-Agent": "LineBotWebhook\/2.0",
        "Content-Length": "577",
        "Accept-Encoding": "gzip",
        "Cdn-Loop": "cloudflare; loops=1; subreqs=1",
        "Cf-Connecting-Ip": "147.92.149.170",
        "Cf-Ew-Via": "15",
        "Cf-Ipcountry": "JP",
        "Cf-Ray": "967762b3d361d493-SIN",
        "Cf-Visitor": "{\"scheme\":\"https\"}",
        "Cf-Warp-Tag-Id": "73909fdb-b413-42dd-a803-91a07e0eb0a5",
        "Cf-Worker": "trycloudflare.com",
        "Connection": "keep-alive",
        "Content-Type": "application\/json; charset=utf-8",
        "X-Forwarded-For": "147.92.149.170",
        "X-Forwarded-Proto": "https",
        "X-Line-Signature": "\/o7BwBF6PUiVM7lOuAN8\/WCXv1BSxZPHtVI2riAEbnk="
    }
}
---
{
    "timestamp": "2025-07-30 21:50:44",
    "method": "POST",
    "user_agent": "LineBotWebhook\/2.0",
    "ip": "::1",
    "content_type": "application\/json; charset=utf-8",
    "data": "{\"destination\":\"U8f486e2395960f03f82696623002b1c7\",\"events\":[{\"type\":\"message\",\"message\":{\"type\":\"text\",\"id\":\"572226784884949097\",\"quoteToken\":\"aEXK-6-zJ_EBD8KMOkepj4b99JfhBr4I01tMTlt_xk5XjmSUwxBFsYXY5pU4eyTwKRdmcfiItI-Uk5z6aJm3jf68xnPbBGW10sreezZK1ijS-s_NzV8DbNtAkP1a7ap4eveY9d1VCZtElYiQskc5hQ\",\"text\":\"\u0e16\u0e49\u0e32\u0e31\u0e48\u0e49\u0e35\"},\"webhookEventId\":\"01K1EE69C1ZYS1H1JTG3GY9H56\",\"deliveryContext\":{\"isRedelivery\":false},\"timestamp\":1753905046625,\"source\":{\"type\":\"user\",\"userId\":\"Ue5400ed980db9dd4954282695dcbe8c5\"},\"replyToken\":\"dc5943ee27ad4660a58a75d42e5eb5b4\",\"mode\":\"active\"}]}",
    "headers": {
        "Host": "connected-seller-wives-amanda.trycloudflare.com",
        "User-Agent": "LineBotWebhook\/2.0",
        "Content-Length": "577",
        "Accept-Encoding": "gzip",
        "Cdn-Loop": "cloudflare; loops=1; subreqs=1",
        "Cf-Connecting-Ip": "147.92.149.170",
        "Cf-Ew-Via": "15",
        "Cf-Ipcountry": "JP",
        "Cf-Ray": "9677630ff12ae381-SIN",
        "Cf-Visitor": "{\"scheme\":\"https\"}",
        "Cf-Warp-Tag-Id": "73909fdb-b413-42dd-a803-91a07e0eb0a5",
        "Cf-Worker": "trycloudflare.com",
        "Connection": "keep-alive",
        "Content-Type": "application\/json; charset=utf-8",
        "X-Forwarded-For": "147.92.149.170",
        "X-Forwarded-Proto": "https",
        "X-Line-Signature": "QMWDoo16WQ7MbW4ZV+PAFEQi2cmIkxx7Khijs\/GdkxM="
    }
}
---
{
    "timestamp": "2025-07-30 22:41:35",
    "method": "POST",
    "user_agent": "LineBotWebhook\/2.0",
    "ip": "::1",
    "content_type": "application\/json; charset=utf-8",
    "data": "{\"destination\":\"U8f486e2395960f03f82696623002b1c7\",\"events\":[{\"type\":\"message\",\"message\":{\"type\":\"text\",\"id\":\"572231902556586122\",\"quoteToken\":\"Nm_TXC8egyJBC6kFllU3z-KlFPFxaJ0dQmaBT3RHvNhTWamCafAd-L2fuRMKpaqqcThqhKQuIFUyy9kn3jaUMsIV4FI-FvM-lrTAlCcjkBCka1ujnZ2L44E9UFc9GQS6Zy3yYdqRiKhiovebsHw6zQ\",\"text\":\"\u0e23\u0e33\u0e23\u0e32\u0e1e\u0e48\u0e40\u0e48\u0e40\"},\"webhookEventId\":\"01K1EH3CDCRN4HHPS49XYFJ0TV\",\"deliveryContext\":{\"isRedelivery\":false},\"timestamp\":1753908096948,\"source\":{\"type\":\"user\",\"userId\":\"Ue5400ed980db9dd4954282695dcbe8c5\"},\"replyToken\":\"252432fa480244bcaa40c4c8e3d21244\",\"mode\":\"active\"}]}",
    "headers": {
        "Host": "connected-seller-wives-amanda.trycloudflare.com",
        "User-Agent": "LineBotWebhook\/2.0",
        "Content-Length": "583",
        "Accept-Encoding": "gzip",
        "Cdn-Loop": "cloudflare; loops=1; subreqs=1",
        "Cf-Connecting-Ip": "147.92.149.170",
        "Cf-Ew-Via": "15",
        "Cf-Ipcountry": "JP",
        "Cf-Ray": "9677ad9001d6e3a0-SIN",
        "Cf-Visitor": "{\"scheme\":\"https\"}",
        "Cf-Warp-Tag-Id": "73909fdb-b413-42dd-a803-91a07e0eb0a5",
        "Cf-Worker": "trycloudflare.com",
        "Connection": "keep-alive",
        "Content-Type": "application\/json; charset=utf-8",
        "X-Forwarded-For": "147.92.149.170",
        "X-Forwarded-Proto": "https",
        "X-Line-Signature": "CPgyyN8Bsm4dArqZH135MBGjp3leGBIJ3R8wtSI1yIs="
    }
}
---
